27-Jul-22 18:14:06::INFO::Config file read in successfully.::module:utils::function:utils
27-Jul-22 18:14:06::INFO::Grid: {0: {'alpha': 0.1, 'gamma': 0.1}, 1: {'alpha': 0.1, 'gamma': 0.2}, 2: {'alpha': 0.1, 'gamma': 0.3}, 3: {'alpha': 0.1, 'gamma': 0.4}, 4: {'alpha': 0.1, 'gamma': 0.5}, 5: {'alpha': 0.1, 'gamma': 0.6}, 6: {'alpha': 0.1, 'gamma': 0.7}, 7: {'alpha': 0.1, 'gamma': 0.8}, 8: {'alpha': 0.1, 'gamma': 0.9}, 9: {'alpha': 0.2, 'gamma': 0.1}, 10: {'alpha': 0.2, 'gamma': 0.2}, 11: {'alpha': 0.2, 'gamma': 0.3}, 12: {'alpha': 0.2, 'gamma': 0.4}, 13: {'alpha': 0.2, 'gamma': 0.5}, 14: {'alpha': 0.2, 'gamma': 0.6}, 15: {'alpha': 0.2, 'gamma': 0.7}, 16: {'alpha': 0.2, 'gamma': 0.8}, 17: {'alpha': 0.2, 'gamma': 0.9}, 18: {'alpha': 0.3, 'gamma': 0.1}, 19: {'alpha': 0.3, 'gamma': 0.2}, 20: {'alpha': 0.3, 'gamma': 0.3}, 21: {'alpha': 0.3, 'gamma': 0.4}, 22: {'alpha': 0.3, 'gamma': 0.5}, 23: {'alpha': 0.3, 'gamma': 0.6}, 24: {'alpha': 0.3, 'gamma': 0.7}, 25: {'alpha': 0.3, 'gamma': 0.8}, 26: {'alpha': 0.3, 'gamma': 0.9}, 27: {'alpha': 0.4, 'gamma': 0.1}, 28: {'alpha': 0.4, 'gamma': 0.2}, 29: {'alpha': 0.4, 'gamma': 0.3}, 30: {'alpha': 0.4, 'gamma': 0.4}, 31: {'alpha': 0.4, 'gamma': 0.5}, 32: {'alpha': 0.4, 'gamma': 0.6}, 33: {'alpha': 0.4, 'gamma': 0.7}, 34: {'alpha': 0.4, 'gamma': 0.8}, 35: {'alpha': 0.4, 'gamma': 0.9}, 36: {'alpha': 0.5, 'gamma': 0.1}, 37: {'alpha': 0.5, 'gamma': 0.2}, 38: {'alpha': 0.5, 'gamma': 0.3}, 39: {'alpha': 0.5, 'gamma': 0.4}, 40: {'alpha': 0.5, 'gamma': 0.5}, 41: {'alpha': 0.5, 'gamma': 0.6}, 42: {'alpha': 0.5, 'gamma': 0.7}, 43: {'alpha': 0.5, 'gamma': 0.8}, 44: {'alpha': 0.5, 'gamma': 0.9}, 45: {'alpha': 0.6, 'gamma': 0.1}, 46: {'alpha': 0.6, 'gamma': 0.2}, 47: {'alpha': 0.6, 'gamma': 0.3}, 48: {'alpha': 0.6, 'gamma': 0.4}, 49: {'alpha': 0.6, 'gamma': 0.5}, 50: {'alpha': 0.6, 'gamma': 0.6}, 51: {'alpha': 0.6, 'gamma': 0.7}, 52: {'alpha': 0.6, 'gamma': 0.8}, 53: {'alpha': 0.6, 'gamma': 0.9}, 54: {'alpha': 0.7, 'gamma': 0.1}, 55: {'alpha': 0.7, 'gamma': 0.2}, 56: {'alpha': 0.7, 'gamma': 0.3}, 57: {'alpha': 0.7, 'gamma': 0.4}, 58: {'alpha': 0.7, 'gamma': 0.5}, 59: {'alpha': 0.7, 'gamma': 0.6}, 60: {'alpha': 0.7, 'gamma': 0.7}, 61: {'alpha': 0.7, 'gamma': 0.8}, 62: {'alpha': 0.7, 'gamma': 0.9}, 63: {'alpha': 0.8, 'gamma': 0.1}, 64: {'alpha': 0.8, 'gamma': 0.2}, 65: {'alpha': 0.8, 'gamma': 0.3}, 66: {'alpha': 0.8, 'gamma': 0.4}, 67: {'alpha': 0.8, 'gamma': 0.5}, 68: {'alpha': 0.8, 'gamma': 0.6}, 69: {'alpha': 0.8, 'gamma': 0.7}, 70: {'alpha': 0.8, 'gamma': 0.8}, 71: {'alpha': 0.8, 'gamma': 0.9}, 72: {'alpha': 0.9, 'gamma': 0.1}, 73: {'alpha': 0.9, 'gamma': 0.2}, 74: {'alpha': 0.9, 'gamma': 0.3}, 75: {'alpha': 0.9, 'gamma': 0.4}, 76: {'alpha': 0.9, 'gamma': 0.5}, 77: {'alpha': 0.9, 'gamma': 0.6}, 78: {'alpha': 0.9, 'gamma': 0.7}, 79: {'alpha': 0.9, 'gamma': 0.8}, 80: {'alpha': 0.9, 'gamma': 0.9}}::module:train_gridsearch::function:train_gridsearch
27-Jul-22 18:14:34::INFO::Q table saved successfully.::module:train_gridsearch::function:train_gridsearch
27-Jul-22 18:14:34::INFO::Rewards plot saved successfully.::module:train_gridsearch::function:train_gridsearch
27-Jul-22 18:14:56::INFO::Q table saved successfully.::module:train_gridsearch::function:train_gridsearch
27-Jul-22 18:14:56::INFO::Rewards plot saved successfully.::module:train_gridsearch::function:train_gridsearch
27-Jul-22 18:15:17::INFO::Q table saved successfully.::module:train_gridsearch::function:train_gridsearch
27-Jul-22 18:15:17::INFO::Rewards plot saved successfully.::module:train_gridsearch::function:train_gridsearch
27-Jul-22 18:15:36::INFO::Q table saved successfully.::module:train_gridsearch::function:train_gridsearch
27-Jul-22 18:15:37::INFO::Rewards plot saved successfully.::module:train_gridsearch::function:train_gridsearch
27-Jul-22 18:15:55::INFO::Q table saved successfully.::module:train_gridsearch::function:train_gridsearch
27-Jul-22 18:15:55::INFO::Rewards plot saved successfully.::module:train_gridsearch::function:train_gridsearch
27-Jul-22 18:16:13::INFO::Q table saved successfully.::module:train_gridsearch::function:train_gridsearch
27-Jul-22 18:16:13::INFO::Rewards plot saved successfully.::module:train_gridsearch::function:train_gridsearch
27-Jul-22 18:16:30::INFO::Q table saved successfully.::module:train_gridsearch::function:train_gridsearch
27-Jul-22 18:16:30::INFO::Rewards plot saved successfully.::module:train_gridsearch::function:train_gridsearch
27-Jul-22 18:16:47::INFO::Q table saved successfully.::module:train_gridsearch::function:train_gridsearch
27-Jul-22 18:16:47::INFO::Rewards plot saved successfully.::module:train_gridsearch::function:train_gridsearch
27-Jul-22 18:17:04::INFO::Q table saved successfully.::module:train_gridsearch::function:train_gridsearch
27-Jul-22 18:17:04::INFO::Rewards plot saved successfully.::module:train_gridsearch::function:train_gridsearch
27-Jul-22 18:17:29::INFO::Q table saved successfully.::module:train_gridsearch::function:train_gridsearch
27-Jul-22 18:17:29::INFO::Rewards plot saved successfully.::module:train_gridsearch::function:train_gridsearch
27-Jul-22 18:17:50::INFO::Q table saved successfully.::module:train_gridsearch::function:train_gridsearch
27-Jul-22 18:17:50::INFO::Rewards plot saved successfully.::module:train_gridsearch::function:train_gridsearch
27-Jul-22 18:18:10::INFO::Q table saved successfully.::module:train_gridsearch::function:train_gridsearch
27-Jul-22 18:18:10::INFO::Rewards plot saved successfully.::module:train_gridsearch::function:train_gridsearch
27-Jul-22 18:18:30::INFO::Q table saved successfully.::module:train_gridsearch::function:train_gridsearch
27-Jul-22 18:18:30::INFO::Rewards plot saved successfully.::module:train_gridsearch::function:train_gridsearch
27-Jul-22 18:18:48::INFO::Q table saved successfully.::module:train_gridsearch::function:train_gridsearch
27-Jul-22 18:18:48::INFO::Rewards plot saved successfully.::module:train_gridsearch::function:train_gridsearch
27-Jul-22 18:19:06::INFO::Q table saved successfully.::module:train_gridsearch::function:train_gridsearch
27-Jul-22 18:19:06::INFO::Rewards plot saved successfully.::module:train_gridsearch::function:train_gridsearch
27-Jul-22 18:19:23::INFO::Q table saved successfully.::module:train_gridsearch::function:train_gridsearch
27-Jul-22 18:19:23::INFO::Rewards plot saved successfully.::module:train_gridsearch::function:train_gridsearch
27-Jul-22 18:19:40::INFO::Q table saved successfully.::module:train_gridsearch::function:train_gridsearch
27-Jul-22 18:19:40::INFO::Rewards plot saved successfully.::module:train_gridsearch::function:train_gridsearch
27-Jul-22 18:19:57::INFO::Q table saved successfully.::module:train_gridsearch::function:train_gridsearch
27-Jul-22 18:19:57::INFO::Rewards plot saved successfully.::module:train_gridsearch::function:train_gridsearch
27-Jul-22 18:20:21::INFO::Q table saved successfully.::module:train_gridsearch::function:train_gridsearch
27-Jul-22 18:20:21::INFO::Rewards plot saved successfully.::module:train_gridsearch::function:train_gridsearch
27-Jul-22 18:20:42::INFO::Q table saved successfully.::module:train_gridsearch::function:train_gridsearch
27-Jul-22 18:20:42::INFO::Rewards plot saved successfully.::module:train_gridsearch::function:train_gridsearch
27-Jul-22 18:21:02::INFO::Q table saved successfully.::module:train_gridsearch::function:train_gridsearch
27-Jul-22 18:21:02::INFO::Rewards plot saved successfully.::module:train_gridsearch::function:train_gridsearch
27-Jul-22 18:21:20::INFO::Q table saved successfully.::module:train_gridsearch::function:train_gridsearch
27-Jul-22 18:21:21::INFO::Rewards plot saved successfully.::module:train_gridsearch::function:train_gridsearch
27-Jul-22 18:21:39::INFO::Q table saved successfully.::module:train_gridsearch::function:train_gridsearch
27-Jul-22 18:21:39::INFO::Rewards plot saved successfully.::module:train_gridsearch::function:train_gridsearch
27-Jul-22 18:21:56::INFO::Q table saved successfully.::module:train_gridsearch::function:train_gridsearch
27-Jul-22 18:21:56::INFO::Rewards plot saved successfully.::module:train_gridsearch::function:train_gridsearch
27-Jul-22 18:22:13::INFO::Q table saved successfully.::module:train_gridsearch::function:train_gridsearch
27-Jul-22 18:22:13::INFO::Rewards plot saved successfully.::module:train_gridsearch::function:train_gridsearch
27-Jul-22 18:22:30::INFO::Q table saved successfully.::module:train_gridsearch::function:train_gridsearch
27-Jul-22 18:22:30::INFO::Rewards plot saved successfully.::module:train_gridsearch::function:train_gridsearch
27-Jul-22 18:22:46::INFO::Q table saved successfully.::module:train_gridsearch::function:train_gridsearch
27-Jul-22 18:22:46::INFO::Rewards plot saved successfully.::module:train_gridsearch::function:train_gridsearch
27-Jul-22 18:23:08::INFO::Q table saved successfully.::module:train_gridsearch::function:train_gridsearch
27-Jul-22 18:23:08::INFO::Rewards plot saved successfully.::module:train_gridsearch::function:train_gridsearch
27-Jul-22 18:23:29::INFO::Q table saved successfully.::module:train_gridsearch::function:train_gridsearch
27-Jul-22 18:23:29::INFO::Rewards plot saved successfully.::module:train_gridsearch::function:train_gridsearch
27-Jul-22 18:23:50::INFO::Q table saved successfully.::module:train_gridsearch::function:train_gridsearch
27-Jul-22 18:23:50::INFO::Rewards plot saved successfully.::module:train_gridsearch::function:train_gridsearch
27-Jul-22 18:24:08::INFO::Q table saved successfully.::module:train_gridsearch::function:train_gridsearch
27-Jul-22 18:24:08::INFO::Rewards plot saved successfully.::module:train_gridsearch::function:train_gridsearch
27-Jul-22 18:24:26::INFO::Q table saved successfully.::module:train_gridsearch::function:train_gridsearch
27-Jul-22 18:24:26::INFO::Rewards plot saved successfully.::module:train_gridsearch::function:train_gridsearch
27-Jul-22 18:24:43::INFO::Q table saved successfully.::module:train_gridsearch::function:train_gridsearch
27-Jul-22 18:24:43::INFO::Rewards plot saved successfully.::module:train_gridsearch::function:train_gridsearch
27-Jul-22 18:25:01::INFO::Q table saved successfully.::module:train_gridsearch::function:train_gridsearch
27-Jul-22 18:25:01::INFO::Rewards plot saved successfully.::module:train_gridsearch::function:train_gridsearch
27-Jul-22 18:25:18::INFO::Q table saved successfully.::module:train_gridsearch::function:train_gridsearch
27-Jul-22 18:25:18::INFO::Rewards plot saved successfully.::module:train_gridsearch::function:train_gridsearch
27-Jul-22 18:25:36::INFO::Q table saved successfully.::module:train_gridsearch::function:train_gridsearch
27-Jul-22 18:25:36::INFO::Rewards plot saved successfully.::module:train_gridsearch::function:train_gridsearch
27-Jul-22 18:25:58::INFO::Q table saved successfully.::module:train_gridsearch::function:train_gridsearch
27-Jul-22 18:25:58::INFO::Rewards plot saved successfully.::module:train_gridsearch::function:train_gridsearch
27-Jul-22 18:26:17::INFO::Q table saved successfully.::module:train_gridsearch::function:train_gridsearch
27-Jul-22 18:26:17::INFO::Rewards plot saved successfully.::module:train_gridsearch::function:train_gridsearch
27-Jul-22 18:26:36::INFO::Q table saved successfully.::module:train_gridsearch::function:train_gridsearch
27-Jul-22 18:26:36::INFO::Rewards plot saved successfully.::module:train_gridsearch::function:train_gridsearch
27-Jul-22 18:26:55::INFO::Q table saved successfully.::module:train_gridsearch::function:train_gridsearch
27-Jul-22 18:26:55::INFO::Rewards plot saved successfully.::module:train_gridsearch::function:train_gridsearch
27-Jul-22 18:27:13::INFO::Q table saved successfully.::module:train_gridsearch::function:train_gridsearch
27-Jul-22 18:27:13::INFO::Rewards plot saved successfully.::module:train_gridsearch::function:train_gridsearch
27-Jul-22 18:27:31::INFO::Q table saved successfully.::module:train_gridsearch::function:train_gridsearch
27-Jul-22 18:27:31::INFO::Rewards plot saved successfully.::module:train_gridsearch::function:train_gridsearch
27-Jul-22 18:27:47::INFO::Q table saved successfully.::module:train_gridsearch::function:train_gridsearch
27-Jul-22 18:27:47::INFO::Rewards plot saved successfully.::module:train_gridsearch::function:train_gridsearch
27-Jul-22 18:28:03::INFO::Q table saved successfully.::module:train_gridsearch::function:train_gridsearch
27-Jul-22 18:28:04::INFO::Rewards plot saved successfully.::module:train_gridsearch::function:train_gridsearch
27-Jul-22 18:28:21::INFO::Q table saved successfully.::module:train_gridsearch::function:train_gridsearch
27-Jul-22 18:28:21::INFO::Rewards plot saved successfully.::module:train_gridsearch::function:train_gridsearch
27-Jul-22 18:28:42::INFO::Q table saved successfully.::module:train_gridsearch::function:train_gridsearch
27-Jul-22 18:28:42::INFO::Rewards plot saved successfully.::module:train_gridsearch::function:train_gridsearch
27-Jul-22 18:29:01::INFO::Q table saved successfully.::module:train_gridsearch::function:train_gridsearch
27-Jul-22 18:29:01::INFO::Rewards plot saved successfully.::module:train_gridsearch::function:train_gridsearch
27-Jul-22 18:29:19::INFO::Q table saved successfully.::module:train_gridsearch::function:train_gridsearch
27-Jul-22 18:29:20::INFO::Rewards plot saved successfully.::module:train_gridsearch::function:train_gridsearch
27-Jul-22 18:29:38::INFO::Q table saved successfully.::module:train_gridsearch::function:train_gridsearch
27-Jul-22 18:29:38::INFO::Rewards plot saved successfully.::module:train_gridsearch::function:train_gridsearch
27-Jul-22 18:29:56::INFO::Q table saved successfully.::module:train_gridsearch::function:train_gridsearch
27-Jul-22 18:29:56::INFO::Rewards plot saved successfully.::module:train_gridsearch::function:train_gridsearch
27-Jul-22 18:30:14::INFO::Q table saved successfully.::module:train_gridsearch::function:train_gridsearch
27-Jul-22 18:30:14::INFO::Rewards plot saved successfully.::module:train_gridsearch::function:train_gridsearch
27-Jul-22 18:30:33::INFO::Q table saved successfully.::module:train_gridsearch::function:train_gridsearch
27-Jul-22 18:30:33::INFO::Rewards plot saved successfully.::module:train_gridsearch::function:train_gridsearch
27-Jul-22 18:30:50::INFO::Q table saved successfully.::module:train_gridsearch::function:train_gridsearch
27-Jul-22 18:30:50::INFO::Rewards plot saved successfully.::module:train_gridsearch::function:train_gridsearch
27-Jul-22 18:31:07::INFO::Q table saved successfully.::module:train_gridsearch::function:train_gridsearch
27-Jul-22 18:31:07::INFO::Rewards plot saved successfully.::module:train_gridsearch::function:train_gridsearch
27-Jul-22 18:31:28::INFO::Q table saved successfully.::module:train_gridsearch::function:train_gridsearch
27-Jul-22 18:31:28::INFO::Rewards plot saved successfully.::module:train_gridsearch::function:train_gridsearch
27-Jul-22 18:31:47::INFO::Q table saved successfully.::module:train_gridsearch::function:train_gridsearch
27-Jul-22 18:31:48::INFO::Rewards plot saved successfully.::module:train_gridsearch::function:train_gridsearch
27-Jul-22 18:32:06::INFO::Q table saved successfully.::module:train_gridsearch::function:train_gridsearch
27-Jul-22 18:32:06::INFO::Rewards plot saved successfully.::module:train_gridsearch::function:train_gridsearch
27-Jul-22 18:32:24::INFO::Q table saved successfully.::module:train_gridsearch::function:train_gridsearch
27-Jul-22 18:32:24::INFO::Rewards plot saved successfully.::module:train_gridsearch::function:train_gridsearch
27-Jul-22 18:32:42::INFO::Q table saved successfully.::module:train_gridsearch::function:train_gridsearch
27-Jul-22 18:32:42::INFO::Rewards plot saved successfully.::module:train_gridsearch::function:train_gridsearch
27-Jul-22 18:32:59::INFO::Q table saved successfully.::module:train_gridsearch::function:train_gridsearch
27-Jul-22 18:32:59::INFO::Rewards plot saved successfully.::module:train_gridsearch::function:train_gridsearch
27-Jul-22 18:33:17::INFO::Q table saved successfully.::module:train_gridsearch::function:train_gridsearch
27-Jul-22 18:33:17::INFO::Rewards plot saved successfully.::module:train_gridsearch::function:train_gridsearch
27-Jul-22 18:33:34::INFO::Q table saved successfully.::module:train_gridsearch::function:train_gridsearch
27-Jul-22 18:33:35::INFO::Rewards plot saved successfully.::module:train_gridsearch::function:train_gridsearch
27-Jul-22 18:33:52::INFO::Q table saved successfully.::module:train_gridsearch::function:train_gridsearch
27-Jul-22 18:33:52::INFO::Rewards plot saved successfully.::module:train_gridsearch::function:train_gridsearch
27-Jul-22 18:34:12::INFO::Q table saved successfully.::module:train_gridsearch::function:train_gridsearch
27-Jul-22 18:34:12::INFO::Rewards plot saved successfully.::module:train_gridsearch::function:train_gridsearch
27-Jul-22 18:34:30::INFO::Q table saved successfully.::module:train_gridsearch::function:train_gridsearch
27-Jul-22 18:34:30::INFO::Rewards plot saved successfully.::module:train_gridsearch::function:train_gridsearch
27-Jul-22 18:34:48::INFO::Q table saved successfully.::module:train_gridsearch::function:train_gridsearch
27-Jul-22 18:34:48::INFO::Rewards plot saved successfully.::module:train_gridsearch::function:train_gridsearch
27-Jul-22 18:35:05::INFO::Q table saved successfully.::module:train_gridsearch::function:train_gridsearch
27-Jul-22 18:35:06::INFO::Rewards plot saved successfully.::module:train_gridsearch::function:train_gridsearch
27-Jul-22 18:35:24::INFO::Q table saved successfully.::module:train_gridsearch::function:train_gridsearch
27-Jul-22 18:35:24::INFO::Rewards plot saved successfully.::module:train_gridsearch::function:train_gridsearch
27-Jul-22 18:35:42::INFO::Q table saved successfully.::module:train_gridsearch::function:train_gridsearch
27-Jul-22 18:35:42::INFO::Rewards plot saved successfully.::module:train_gridsearch::function:train_gridsearch
27-Jul-22 18:36:00::INFO::Q table saved successfully.::module:train_gridsearch::function:train_gridsearch
27-Jul-22 18:36:00::INFO::Rewards plot saved successfully.::module:train_gridsearch::function:train_gridsearch
27-Jul-22 18:36:18::INFO::Q table saved successfully.::module:train_gridsearch::function:train_gridsearch
27-Jul-22 18:36:18::INFO::Rewards plot saved successfully.::module:train_gridsearch::function:train_gridsearch
27-Jul-22 18:36:37::INFO::Q table saved successfully.::module:train_gridsearch::function:train_gridsearch
27-Jul-22 18:36:37::INFO::Rewards plot saved successfully.::module:train_gridsearch::function:train_gridsearch
27-Jul-22 18:36:56::INFO::Q table saved successfully.::module:train_gridsearch::function:train_gridsearch
27-Jul-22 18:36:56::INFO::Rewards plot saved successfully.::module:train_gridsearch::function:train_gridsearch
27-Jul-22 18:37:14::INFO::Q table saved successfully.::module:train_gridsearch::function:train_gridsearch
27-Jul-22 18:37:14::INFO::Rewards plot saved successfully.::module:train_gridsearch::function:train_gridsearch
27-Jul-22 18:37:32::INFO::Q table saved successfully.::module:train_gridsearch::function:train_gridsearch
27-Jul-22 18:37:32::INFO::Rewards plot saved successfully.::module:train_gridsearch::function:train_gridsearch
27-Jul-22 18:37:50::INFO::Q table saved successfully.::module:train_gridsearch::function:train_gridsearch
27-Jul-22 18:37:50::INFO::Rewards plot saved successfully.::module:train_gridsearch::function:train_gridsearch
27-Jul-22 18:38:07::INFO::Q table saved successfully.::module:train_gridsearch::function:train_gridsearch
27-Jul-22 18:38:07::INFO::Rewards plot saved successfully.::module:train_gridsearch::function:train_gridsearch
27-Jul-22 18:38:26::INFO::Q table saved successfully.::module:train_gridsearch::function:train_gridsearch
27-Jul-22 18:38:26::INFO::Rewards plot saved successfully.::module:train_gridsearch::function:train_gridsearch
27-Jul-22 18:38:43::INFO::Q table saved successfully.::module:train_gridsearch::function:train_gridsearch
27-Jul-22 18:38:43::INFO::Rewards plot saved successfully.::module:train_gridsearch::function:train_gridsearch
27-Jul-22 18:39:03::INFO::Q table saved successfully.::module:train_gridsearch::function:train_gridsearch
27-Jul-22 18:39:03::INFO::Rewards plot saved successfully.::module:train_gridsearch::function:train_gridsearch
27-Jul-22 18:39:22::INFO::Q table saved successfully.::module:train_gridsearch::function:train_gridsearch
27-Jul-22 18:39:22::INFO::Rewards plot saved successfully.::module:train_gridsearch::function:train_gridsearch
27-Jul-22 18:39:22::INFO::Grid search results csv saved successfully.::module:train_gridsearch::function:train_gridsearch
27-Jul-22 18:39:50::INFO::Q table saved successfully.::module:train_gridsearch::function:train_gridsearch
27-Jul-22 18:39:50::INFO::Rewards plot saved successfully.::module:train_gridsearch::function:train_gridsearch
27-Jul-22 18:40:15::INFO::Q table saved successfully.::module:train_gridsearch::function:train_gridsearch
27-Jul-22 18:40:15::INFO::Rewards plot saved successfully.::module:train_gridsearch::function:train_gridsearch
27-Jul-22 18:40:36::INFO::Q table saved successfully.::module:train_gridsearch::function:train_gridsearch
27-Jul-22 18:40:36::INFO::Rewards plot saved successfully.::module:train_gridsearch::function:train_gridsearch
27-Jul-22 18:40:57::INFO::Q table saved successfully.::module:train_gridsearch::function:train_gridsearch
27-Jul-22 18:40:57::INFO::Rewards plot saved successfully.::module:train_gridsearch::function:train_gridsearch
27-Jul-22 18:41:17::INFO::Q table saved successfully.::module:train_gridsearch::function:train_gridsearch
27-Jul-22 18:41:17::INFO::Rewards plot saved successfully.::module:train_gridsearch::function:train_gridsearch
27-Jul-22 18:41:35::INFO::Q table saved successfully.::module:train_gridsearch::function:train_gridsearch
27-Jul-22 18:41:35::INFO::Rewards plot saved successfully.::module:train_gridsearch::function:train_gridsearch
27-Jul-22 18:41:53::INFO::Q table saved successfully.::module:train_gridsearch::function:train_gridsearch
27-Jul-22 18:41:53::INFO::Rewards plot saved successfully.::module:train_gridsearch::function:train_gridsearch
27-Jul-22 18:42:11::INFO::Q table saved successfully.::module:train_gridsearch::function:train_gridsearch
27-Jul-22 18:42:11::INFO::Rewards plot saved successfully.::module:train_gridsearch::function:train_gridsearch
27-Jul-22 18:42:28::INFO::Q table saved successfully.::module:train_gridsearch::function:train_gridsearch
27-Jul-22 18:42:28::INFO::Rewards plot saved successfully.::module:train_gridsearch::function:train_gridsearch
27-Jul-22 18:42:52::INFO::Q table saved successfully.::module:train_gridsearch::function:train_gridsearch
27-Jul-22 18:42:52::INFO::Rewards plot saved successfully.::module:train_gridsearch::function:train_gridsearch
27-Jul-22 18:43:14::INFO::Q table saved successfully.::module:train_gridsearch::function:train_gridsearch
27-Jul-22 18:43:14::INFO::Rewards plot saved successfully.::module:train_gridsearch::function:train_gridsearch
27-Jul-22 18:43:36::INFO::Q table saved successfully.::module:train_gridsearch::function:train_gridsearch
27-Jul-22 18:43:36::INFO::Rewards plot saved successfully.::module:train_gridsearch::function:train_gridsearch
27-Jul-22 18:43:56::INFO::Q table saved successfully.::module:train_gridsearch::function:train_gridsearch
27-Jul-22 18:43:56::INFO::Rewards plot saved successfully.::module:train_gridsearch::function:train_gridsearch
27-Jul-22 18:44:16::INFO::Q table saved successfully.::module:train_gridsearch::function:train_gridsearch
27-Jul-22 18:44:16::INFO::Rewards plot saved successfully.::module:train_gridsearch::function:train_gridsearch
27-Jul-22 18:44:35::INFO::Q table saved successfully.::module:train_gridsearch::function:train_gridsearch
27-Jul-22 18:44:35::INFO::Rewards plot saved successfully.::module:train_gridsearch::function:train_gridsearch
27-Jul-22 18:44:53::INFO::Q table saved successfully.::module:train_gridsearch::function:train_gridsearch
27-Jul-22 18:44:53::INFO::Rewards plot saved successfully.::module:train_gridsearch::function:train_gridsearch
27-Jul-22 18:45:11::INFO::Q table saved successfully.::module:train_gridsearch::function:train_gridsearch
27-Jul-22 18:45:11::INFO::Rewards plot saved successfully.::module:train_gridsearch::function:train_gridsearch
27-Jul-22 18:45:30::INFO::Q table saved successfully.::module:train_gridsearch::function:train_gridsearch
27-Jul-22 18:45:31::INFO::Rewards plot saved successfully.::module:train_gridsearch::function:train_gridsearch
27-Jul-22 18:45:54::INFO::Q table saved successfully.::module:train_gridsearch::function:train_gridsearch
27-Jul-22 18:45:54::INFO::Rewards plot saved successfully.::module:train_gridsearch::function:train_gridsearch
27-Jul-22 18:46:16::INFO::Q table saved successfully.::module:train_gridsearch::function:train_gridsearch
27-Jul-22 18:46:17::INFO::Rewards plot saved successfully.::module:train_gridsearch::function:train_gridsearch
27-Jul-22 18:46:37::INFO::Q table saved successfully.::module:train_gridsearch::function:train_gridsearch
27-Jul-22 18:46:37::INFO::Rewards plot saved successfully.::module:train_gridsearch::function:train_gridsearch
27-Jul-22 18:46:58::INFO::Q table saved successfully.::module:train_gridsearch::function:train_gridsearch
27-Jul-22 18:46:58::INFO::Rewards plot saved successfully.::module:train_gridsearch::function:train_gridsearch
27-Jul-22 18:47:18::INFO::Q table saved successfully.::module:train_gridsearch::function:train_gridsearch
27-Jul-22 18:47:18::INFO::Rewards plot saved successfully.::module:train_gridsearch::function:train_gridsearch
27-Jul-22 18:47:37::INFO::Q table saved successfully.::module:train_gridsearch::function:train_gridsearch
27-Jul-22 18:47:37::INFO::Rewards plot saved successfully.::module:train_gridsearch::function:train_gridsearch
27-Jul-22 18:47:56::INFO::Q table saved successfully.::module:train_gridsearch::function:train_gridsearch
27-Jul-22 18:47:56::INFO::Rewards plot saved successfully.::module:train_gridsearch::function:train_gridsearch
27-Jul-22 18:48:14::INFO::Q table saved successfully.::module:train_gridsearch::function:train_gridsearch
27-Jul-22 18:48:14::INFO::Rewards plot saved successfully.::module:train_gridsearch::function:train_gridsearch
27-Jul-22 18:48:32::INFO::Q table saved successfully.::module:train_gridsearch::function:train_gridsearch
27-Jul-22 18:48:32::INFO::Rewards plot saved successfully.::module:train_gridsearch::function:train_gridsearch
27-Jul-22 18:48:54::INFO::Q table saved successfully.::module:train_gridsearch::function:train_gridsearch
27-Jul-22 18:48:55::INFO::Rewards plot saved successfully.::module:train_gridsearch::function:train_gridsearch
27-Jul-22 18:49:16::INFO::Q table saved successfully.::module:train_gridsearch::function:train_gridsearch
27-Jul-22 18:49:16::INFO::Rewards plot saved successfully.::module:train_gridsearch::function:train_gridsearch
27-Jul-22 18:49:37::INFO::Q table saved successfully.::module:train_gridsearch::function:train_gridsearch
27-Jul-22 18:49:37::INFO::Rewards plot saved successfully.::module:train_gridsearch::function:train_gridsearch
27-Jul-22 18:49:58::INFO::Q table saved successfully.::module:train_gridsearch::function:train_gridsearch
27-Jul-22 18:49:58::INFO::Rewards plot saved successfully.::module:train_gridsearch::function:train_gridsearch
27-Jul-22 18:50:18::INFO::Q table saved successfully.::module:train_gridsearch::function:train_gridsearch
27-Jul-22 18:50:18::INFO::Rewards plot saved successfully.::module:train_gridsearch::function:train_gridsearch
27-Jul-22 18:50:39::INFO::Q table saved successfully.::module:train_gridsearch::function:train_gridsearch
27-Jul-22 18:50:39::INFO::Rewards plot saved successfully.::module:train_gridsearch::function:train_gridsearch
27-Jul-22 18:50:58::INFO::Q table saved successfully.::module:train_gridsearch::function:train_gridsearch
27-Jul-22 18:50:58::INFO::Rewards plot saved successfully.::module:train_gridsearch::function:train_gridsearch
27-Jul-22 18:51:18::INFO::Q table saved successfully.::module:train_gridsearch::function:train_gridsearch
27-Jul-22 18:51:18::INFO::Rewards plot saved successfully.::module:train_gridsearch::function:train_gridsearch
27-Jul-22 18:51:36::INFO::Q table saved successfully.::module:train_gridsearch::function:train_gridsearch
27-Jul-22 18:51:36::INFO::Rewards plot saved successfully.::module:train_gridsearch::function:train_gridsearch
27-Jul-22 18:51:59::INFO::Q table saved successfully.::module:train_gridsearch::function:train_gridsearch
27-Jul-22 18:51:59::INFO::Rewards plot saved successfully.::module:train_gridsearch::function:train_gridsearch
27-Jul-22 18:52:20::INFO::Q table saved successfully.::module:train_gridsearch::function:train_gridsearch
27-Jul-22 18:52:20::INFO::Rewards plot saved successfully.::module:train_gridsearch::function:train_gridsearch
27-Jul-22 18:52:42::INFO::Q table saved successfully.::module:train_gridsearch::function:train_gridsearch
27-Jul-22 18:52:42::INFO::Rewards plot saved successfully.::module:train_gridsearch::function:train_gridsearch
27-Jul-22 18:53:02::INFO::Q table saved successfully.::module:train_gridsearch::function:train_gridsearch
27-Jul-22 18:53:02::INFO::Rewards plot saved successfully.::module:train_gridsearch::function:train_gridsearch
27-Jul-22 18:53:23::INFO::Q table saved successfully.::module:train_gridsearch::function:train_gridsearch
27-Jul-22 18:53:23::INFO::Rewards plot saved successfully.::module:train_gridsearch::function:train_gridsearch
27-Jul-22 18:53:44::INFO::Q table saved successfully.::module:train_gridsearch::function:train_gridsearch
27-Jul-22 18:53:44::INFO::Rewards plot saved successfully.::module:train_gridsearch::function:train_gridsearch
27-Jul-22 18:54:04::INFO::Q table saved successfully.::module:train_gridsearch::function:train_gridsearch
27-Jul-22 18:54:04::INFO::Rewards plot saved successfully.::module:train_gridsearch::function:train_gridsearch
27-Jul-22 18:54:23::INFO::Q table saved successfully.::module:train_gridsearch::function:train_gridsearch
27-Jul-22 18:54:23::INFO::Rewards plot saved successfully.::module:train_gridsearch::function:train_gridsearch
27-Jul-22 18:54:43::INFO::Q table saved successfully.::module:train_gridsearch::function:train_gridsearch
27-Jul-22 18:54:44::INFO::Rewards plot saved successfully.::module:train_gridsearch::function:train_gridsearch
27-Jul-22 18:55:05::INFO::Q table saved successfully.::module:train_gridsearch::function:train_gridsearch
27-Jul-22 18:55:05::INFO::Rewards plot saved successfully.::module:train_gridsearch::function:train_gridsearch
27-Jul-22 18:55:26::INFO::Q table saved successfully.::module:train_gridsearch::function:train_gridsearch
27-Jul-22 18:55:26::INFO::Rewards plot saved successfully.::module:train_gridsearch::function:train_gridsearch
27-Jul-22 18:55:48::INFO::Q table saved successfully.::module:train_gridsearch::function:train_gridsearch
27-Jul-22 18:55:48::INFO::Rewards plot saved successfully.::module:train_gridsearch::function:train_gridsearch
27-Jul-22 18:56:09::INFO::Q table saved successfully.::module:train_gridsearch::function:train_gridsearch
27-Jul-22 18:56:09::INFO::Rewards plot saved successfully.::module:train_gridsearch::function:train_gridsearch
27-Jul-22 18:56:30::INFO::Q table saved successfully.::module:train_gridsearch::function:train_gridsearch
27-Jul-22 18:56:30::INFO::Rewards plot saved successfully.::module:train_gridsearch::function:train_gridsearch
27-Jul-22 18:56:52::INFO::Q table saved successfully.::module:train_gridsearch::function:train_gridsearch
27-Jul-22 18:56:53::INFO::Rewards plot saved successfully.::module:train_gridsearch::function:train_gridsearch
27-Jul-22 18:57:13::INFO::Q table saved successfully.::module:train_gridsearch::function:train_gridsearch
27-Jul-22 18:57:13::INFO::Rewards plot saved successfully.::module:train_gridsearch::function:train_gridsearch
27-Jul-22 18:57:33::INFO::Q table saved successfully.::module:train_gridsearch::function:train_gridsearch
27-Jul-22 18:57:33::INFO::Rewards plot saved successfully.::module:train_gridsearch::function:train_gridsearch
27-Jul-22 18:57:54::INFO::Q table saved successfully.::module:train_gridsearch::function:train_gridsearch
27-Jul-22 18:57:54::INFO::Rewards plot saved successfully.::module:train_gridsearch::function:train_gridsearch
27-Jul-22 18:58:16::INFO::Q table saved successfully.::module:train_gridsearch::function:train_gridsearch
27-Jul-22 18:58:16::INFO::Rewards plot saved successfully.::module:train_gridsearch::function:train_gridsearch
27-Jul-22 18:58:37::INFO::Q table saved successfully.::module:train_gridsearch::function:train_gridsearch
27-Jul-22 18:58:37::INFO::Rewards plot saved successfully.::module:train_gridsearch::function:train_gridsearch
27-Jul-22 18:58:59::INFO::Q table saved successfully.::module:train_gridsearch::function:train_gridsearch
27-Jul-22 18:58:59::INFO::Rewards plot saved successfully.::module:train_gridsearch::function:train_gridsearch
27-Jul-22 18:59:20::INFO::Q table saved successfully.::module:train_gridsearch::function:train_gridsearch
27-Jul-22 18:59:20::INFO::Rewards plot saved successfully.::module:train_gridsearch::function:train_gridsearch
27-Jul-22 18:59:41::INFO::Q table saved successfully.::module:train_gridsearch::function:train_gridsearch
27-Jul-22 18:59:41::INFO::Rewards plot saved successfully.::module:train_gridsearch::function:train_gridsearch
27-Jul-22 19:00:01::INFO::Q table saved successfully.::module:train_gridsearch::function:train_gridsearch
27-Jul-22 19:00:01::INFO::Rewards plot saved successfully.::module:train_gridsearch::function:train_gridsearch
27-Jul-22 19:00:23::INFO::Q table saved successfully.::module:train_gridsearch::function:train_gridsearch
27-Jul-22 19:00:23::INFO::Rewards plot saved successfully.::module:train_gridsearch::function:train_gridsearch
27-Jul-22 19:00:45::INFO::Q table saved successfully.::module:train_gridsearch::function:train_gridsearch
27-Jul-22 19:00:45::INFO::Rewards plot saved successfully.::module:train_gridsearch::function:train_gridsearch
27-Jul-22 19:01:07::INFO::Q table saved successfully.::module:train_gridsearch::function:train_gridsearch
27-Jul-22 19:01:07::INFO::Rewards plot saved successfully.::module:train_gridsearch::function:train_gridsearch
27-Jul-22 19:01:28::INFO::Q table saved successfully.::module:train_gridsearch::function:train_gridsearch
27-Jul-22 19:01:28::INFO::Rewards plot saved successfully.::module:train_gridsearch::function:train_gridsearch
27-Jul-22 19:01:51::INFO::Q table saved successfully.::module:train_gridsearch::function:train_gridsearch
27-Jul-22 19:01:51::INFO::Rewards plot saved successfully.::module:train_gridsearch::function:train_gridsearch
27-Jul-22 19:02:12::INFO::Q table saved successfully.::module:train_gridsearch::function:train_gridsearch
27-Jul-22 19:02:12::INFO::Rewards plot saved successfully.::module:train_gridsearch::function:train_gridsearch
27-Jul-22 19:02:33::INFO::Q table saved successfully.::module:train_gridsearch::function:train_gridsearch
27-Jul-22 19:02:33::INFO::Rewards plot saved successfully.::module:train_gridsearch::function:train_gridsearch
27-Jul-22 19:02:55::INFO::Q table saved successfully.::module:train_gridsearch::function:train_gridsearch
27-Jul-22 19:02:55::INFO::Rewards plot saved successfully.::module:train_gridsearch::function:train_gridsearch
27-Jul-22 19:03:19::INFO::Q table saved successfully.::module:train_gridsearch::function:train_gridsearch
27-Jul-22 19:03:19::INFO::Rewards plot saved successfully.::module:train_gridsearch::function:train_gridsearch
27-Jul-22 19:03:42::INFO::Q table saved successfully.::module:train_gridsearch::function:train_gridsearch
27-Jul-22 19:03:42::INFO::Rewards plot saved successfully.::module:train_gridsearch::function:train_gridsearch
27-Jul-22 19:04:04::INFO::Q table saved successfully.::module:train_gridsearch::function:train_gridsearch
27-Jul-22 19:04:04::INFO::Rewards plot saved successfully.::module:train_gridsearch::function:train_gridsearch
27-Jul-22 19:04:28::INFO::Q table saved successfully.::module:train_gridsearch::function:train_gridsearch
27-Jul-22 19:04:28::INFO::Rewards plot saved successfully.::module:train_gridsearch::function:train_gridsearch
27-Jul-22 19:04:50::INFO::Q table saved successfully.::module:train_gridsearch::function:train_gridsearch
27-Jul-22 19:04:50::INFO::Rewards plot saved successfully.::module:train_gridsearch::function:train_gridsearch
27-Jul-22 19:05:12::INFO::Q table saved successfully.::module:train_gridsearch::function:train_gridsearch
27-Jul-22 19:05:12::INFO::Rewards plot saved successfully.::module:train_gridsearch::function:train_gridsearch
27-Jul-22 19:05:34::INFO::Q table saved successfully.::module:train_gridsearch::function:train_gridsearch
27-Jul-22 19:05:34::INFO::Rewards plot saved successfully.::module:train_gridsearch::function:train_gridsearch
27-Jul-22 19:05:57::INFO::Q table saved successfully.::module:train_gridsearch::function:train_gridsearch
27-Jul-22 19:05:57::INFO::Rewards plot saved successfully.::module:train_gridsearch::function:train_gridsearch
27-Jul-22 19:06:20::INFO::Q table saved successfully.::module:train_gridsearch::function:train_gridsearch
27-Jul-22 19:06:20::INFO::Rewards plot saved successfully.::module:train_gridsearch::function:train_gridsearch
27-Jul-22 19:06:43::INFO::Q table saved successfully.::module:train_gridsearch::function:train_gridsearch
27-Jul-22 19:06:43::INFO::Rewards plot saved successfully.::module:train_gridsearch::function:train_gridsearch
27-Jul-22 19:07:06::INFO::Q table saved successfully.::module:train_gridsearch::function:train_gridsearch
27-Jul-22 19:07:06::INFO::Rewards plot saved successfully.::module:train_gridsearch::function:train_gridsearch
27-Jul-22 19:07:29::INFO::Q table saved successfully.::module:train_gridsearch::function:train_gridsearch
27-Jul-22 19:07:29::INFO::Rewards plot saved successfully.::module:train_gridsearch::function:train_gridsearch
27-Jul-22 19:07:53::INFO::Q table saved successfully.::module:train_gridsearch::function:train_gridsearch
27-Jul-22 19:07:53::INFO::Rewards plot saved successfully.::module:train_gridsearch::function:train_gridsearch
27-Jul-22 19:07:53::INFO::Grid search results csv saved successfully.::module:train_gridsearch::function:train_gridsearch
